<?xml version="1.0" encoding="UTF-8"?>
<!-- Generated by org.testng.reporters.JUnitReportReporter -->
<testsuite hostname="DESKTOP-4Q8IVI3" failures="0" tests="1" name="com.runner.TestRunner" time="14.315" errors="0" timestamp="2023-11-03T20:25:18 IST" skipped="0">
  <testcase classname="com.runner.TestRunner" name="runScenario" time="14.315"/>
  <system-out/>
</testsuite> <!-- com.runner.TestRunner -->
