<?xml version="1.0" encoding="UTF-8"?>
<!-- Generated by org.testng.reporters.JUnitReportReporter -->
<testsuite hostname="DESKTOP-4Q8IVI3" failures="0" tests="1" name="com.runner.TestRunner" time="24.234" errors="0" timestamp="2023-11-03T11:03:06 IST" skipped="0">
  <testcase classname="com.runner.TestRunner" name="runScenario" time="24.234"/>
  <system-out/>
</testsuite> <!-- com.runner.TestRunner -->
